<?xml version="1.0" encoding="UTF-8"?>
<testng-results skipped="0" failed="0" ignored="0" total="1" passed="1">
  <reporter-output>
  </reporter-output>
  <suite name="Default suite" duration-ms="92" started-at="2020-02-03T19:42:19 EST" finished-at="2020-02-03T19:42:19 EST">
    <groups>
    </groups>
    <test name="Default test" duration-ms="92" started-at="2020-02-03T19:42:19 EST" finished-at="2020-02-03T19:42:19 EST">
      <class name="com.test.TestHello">
        <test-method status="PASS" signature="mainn()[pri:0, instance:com.test.TestHello@a67c67e]" name="mainn" duration-ms="18" started-at="2020-02-03T19:42:19 EST" finished-at="2020-02-03T19:42:19 EST">
          <reporter-output>
          </reporter-output>
        </test-method> <!-- mainn -->
      </class> <!-- com.test.TestHello -->
    </test> <!-- Default test -->
  </suite> <!-- Default suite -->
</testng-results>
